#
# There is insufficient memory for the Java Runtime Environment to continue.
# Native memory allocation (mmap) failed to map 1040187392 bytes. Error detail: G1 virtual space
# Possible reasons:
#   The system is out of physical RAM or swap space
#   This process is running with CompressedOops enabled, and the Java Heap may be blocking the growth of the native heap
# Possible solutions:
#   Reduce memory load on the system
#   Increase physical memory or swap space
#   Check if swap backing store is full
#   Decrease Java heap size (-Xmx/-Xms)
#   Decrease number of Java threads
#   Decrease Java thread stack sizes (-Xss)
#   Set larger code cache with -XX:ReservedCodeCacheSize=
#   JVM is running with Zero Based Compressed Oops mode in which the Java heap is
#     placed in the first 32GB address space. The Java Heap base address is the
#     maximum limit for the native heap growth. Please use -XX:HeapBaseMinAddress
#     to set the Java Heap base and to place the Java Heap above 32GB virtual address.
# This output file may be truncated or incomplete.
#
#  Out of Memory Error (os_windows.cpp:3898), pid=19420, tid=27760
#
# JRE version:  (21.0.7) (build )
# Java VM: OpenJDK 64-Bit Server VM (21.0.7+-13880790-b1038.58, mixed mode, sharing, tiered, compressed oops, compressed class ptrs, g1 gc, windows-amd64)
# No core dump will be written. Minidumps are not enabled by default on client versions of Windows
#

---------------  S U M M A R Y ------------

Command Line: git4idea.http.GitAskPassApp Username for 'https://github.com': 

Host: AMD Ryzen 7 255 w/ Radeon 780M Graphics        , 16 cores, 61G,  Windows 11 , 64 bit Build 26100 (10.0.26100.7309)
Time: Sun Dec 28 06:09:11 2025 Pacific Standard Time elapsed time: 0.016964 seconds (0d 0h 0m 0s)

---------------  T H R E A D  ---------------

Current thread (0x0000020fac5a1000):  JavaThread "Unknown thread" [_thread_in_vm, id=27760, stack(0x000000409b000000,0x000000409b100000) (1024K)]

Stack: [0x000000409b000000,0x000000409b100000]
Native frames: (J=compiled Java code, j=interpreted, Vv=VM code, C=native code)
V  [jvm.dll+0x6d25c9]
V  [jvm.dll+0x860923]
V  [jvm.dll+0x862e7e]
V  [jvm.dll+0x863563]
V  [jvm.dll+0x27f156]
V  [jvm.dll+0x6ceee5]
V  [jvm.dll+0x6c29aa]
V  [jvm.dll+0x355ebb]
V  [jvm.dll+0x35db16]
V  [jvm.dll+0x3afb16]
V  [jvm.dll+0x3afde8]
V  [jvm.dll+0x32855c]
V  [jvm.dll+0x32924b]
V  [jvm.dll+0x828379]
V  [jvm.dll+0x3bcce8]
V  [jvm.dll+0x811628]
V  [jvm.dll+0x45121e]
V  [jvm.dll+0x452981]
C  [jli.dll+0x52ab]
C  [ucrtbase.dll+0x37b0]
C  [KERNEL32.DLL+0x2e8d7]
C  [ntdll.dll+0x8c53c]


---------------  P R O C E S S  ---------------

Threads class SMR info:
_java_thread_list=0x00007ffa847b4888, length=0, elements={
}

Java Threads: ( => current thread )
Total: 0

Other Threads:
  0x0000020faea1aca0 WorkerThread "GC Thread#0"                     [id=20448, stack(0x000000409b100000,0x000000409b200000) (1024K)]
  0x0000020faea2b1d0 ConcurrentGCThread "G1 Main Marker"            [id=70712, stack(0x000000409b200000,0x000000409b300000) (1024K)]
  0x0000020faea2df70 WorkerThread "G1 Conc#0"                       [id=22752, stack(0x000000409b300000,0x000000409b400000) (1024K)]

[error occurred during error reporting (printing all threads), id 0xc0000005, EXCEPTION_ACCESS_VIOLATION (0xc0000005) at pc=0x00007ffa83fab5b7]
VM state: not at safepoint (not fully initialized)

VM Mutex/Monitor currently owned by a thread:  ([mutex/lock_event])
[0x00007ffa84821568] Heap_lock - owner thread: 0x0000020fac5a1000

Heap address: 0x0000000423000000, size: 15824 MB, Compressed Oops mode: Zero based, Oop shift amount: 3

CDS archive(s) mapped at: [0x0000000000000000-0x0000000000000000-0x0000000000000000), size 0, SharedBaseAddress: 0x0000000800000000, ArchiveRelocationMode: 1.
Narrow klass base: 0x0000000000000000, Narrow klass shift: 0, Narrow klass range: 0x0

GC Precious Log:
 CardTable entry size: 512
 Card Set container configuration: InlinePtr #cards 4 size 8 Array Of Cards #cards 64 size 144 Howl #buckets 8 coarsen threshold 14745 Howl Bitmap #cards 2048 size 272 coarsen threshold 1843 Card regions per heap region 1 cards per card region 16384

Heap:
 garbage-first heap   total 0K, used 0K [0x0000000423000000, 0x0000000800000000)
  region size 8192K, 0 young (0K), 0 survivors (0K)
 Metaspace       used 0K, committed 0K, reserved 0K
  class space    used 0K, committed 0K, reserved 0K

Heap Regions: E=young(eden), S=young(survivor), O=old, HS=humongous(starts), HC=humongous(continues), CS=collection set, F=free, TAMS=top-at-mark-start, PB=parsable bottom

Card table byte_map: [0x0000020fc3250000,0x0000020fc5140000] _byte_map_base: 0x0000020fc1138000

Marking Bits: (CMBitMap*) 0x0000020faea1b1b0
 Bits: [0x0000020fc5140000, 0x0000020fd4880000)

GC Heap History (0 events):
No events

Dll operation events (1 events):
Event: 0.009 Loaded shared library C:\Program Files\Android\Android Studio\jbr\bin\java.dll

Deoptimization events (0 events):
No events

Classes loaded (0 events):
No events

Classes unloaded (0 events):
No events

Classes redefined (0 events):
No events

Internal exceptions (0 events):
No events

ZGC Phase Switch (0 events):
No events

VM Operations (0 events):
No events

Memory protections (0 events):
No events

Nmethod flushes (0 events):
No events

Events (0 events):
No events


Dynamic libraries:
0x00007ff755240000 - 0x00007ff75524a000 	C:\Program Files\Android\Android Studio\jbr\bin\java.exe
0x00007ffadc4e0000 - 0x00007ffadc747000 	C:\Windows\SYSTEM32\ntdll.dll
0x00007ffadb500000 - 0x00007ffadb5c9000 	C:\Windows\System32\KERNEL32.DLL
0x00007ffad9b00000 - 0x00007ffad9eef000 	C:\Windows\System32\KERNELBASE.dll
0x00007ffada0a0000 - 0x00007ffada1eb000 	C:\Windows\System32\ucrtbase.dll
0x00007ffad4320000 - 0x00007ffad433b000 	C:\Program Files\Android\Android Studio\jbr\bin\VCRUNTIME140.dll
0x00007ffacabf0000 - 0x00007ffacac08000 	C:\Program Files\Android\Android Studio\jbr\bin\jli.dll
0x00007ffadc0b0000 - 0x00007ffadc275000 	C:\Windows\System32\USER32.dll
0x00007ffaad440000 - 0x00007ffaad6d3000 	C:\Windows\WinSxS\amd64_microsoft.windows.common-controls_6595b64144ccf1df_6.0.26100.7309_none_3e05feeae336a044\COMCTL32.dll
0x00007ffad9f00000 - 0x00007ffad9f27000 	C:\Windows\System32\win32u.dll
0x00007ffadb5d0000 - 0x00007ffadb679000 	C:\Windows\System32\msvcrt.dll
0x00007ffada870000 - 0x00007ffada89b000 	C:\Windows\System32\GDI32.dll
0x00007ffad9630000 - 0x00007ffad975c000 	C:\Windows\System32\gdi32full.dll
0x00007ffad9f30000 - 0x00007ffad9fd3000 	C:\Windows\System32\msvcp_win.dll
0x00007ffadc460000 - 0x00007ffadc491000 	C:\Windows\System32\IMM32.DLL
0x00007ffad4790000 - 0x00007ffad479c000 	C:\Program Files\Android\Android Studio\jbr\bin\vcruntime140_1.dll
0x00007ffa8a470000 - 0x00007ffa8a4fd000 	C:\Program Files\Android\Android Studio\jbr\bin\msvcp140.dll
0x00007ffa83c70000 - 0x00007ffa848fe000 	C:\Program Files\Android\Android Studio\jbr\bin\server\jvm.dll
0x00007ffadbf60000 - 0x00007ffadc014000 	C:\Windows\System32\ADVAPI32.dll
0x00007ffada280000 - 0x00007ffada326000 	C:\Windows\System32\sechost.dll
0x00007ffadc340000 - 0x00007ffadc458000 	C:\Windows\System32\RPCRT4.dll
0x00007ffada8a0000 - 0x00007ffada914000 	C:\Windows\System32\WS2_32.dll
0x00007ffad9490000 - 0x00007ffad94ee000 	C:\Windows\SYSTEM32\POWRPROF.dll
0x00007ffacba50000 - 0x00007ffacba5b000 	C:\Windows\SYSTEM32\VERSION.dll
0x00007ffaced60000 - 0x00007ffaced95000 	C:\Windows\SYSTEM32\WINMM.dll
0x00007ffad9470000 - 0x00007ffad9484000 	C:\Windows\SYSTEM32\UMPDC.dll
0x00007ffad83a0000 - 0x00007ffad83bb000 	C:\Windows\SYSTEM32\kernel.appcore.dll
0x00007ffad4300000 - 0x00007ffad430a000 	C:\Program Files\Android\Android Studio\jbr\bin\jimage.dll
0x00007ffacc210000 - 0x00007ffacc452000 	C:\Windows\SYSTEM32\DBGHELP.DLL
0x00007ffada340000 - 0x00007ffada6c5000 	C:\Windows\System32\combase.dll
0x00007ffadb680000 - 0x00007ffadb756000 	C:\Windows\System32\OLEAUT32.dll
0x00007ffac2ce0000 - 0x00007ffac2d1c000 	C:\Windows\SYSTEM32\dbgcore.DLL
0x00007ffad98d0000 - 0x00007ffad9975000 	C:\Windows\System32\bcryptPrimitives.dll
0x00007ffacee40000 - 0x00007ffacee60000 	C:\Program Files\Android\Android Studio\jbr\bin\java.dll

dbghelp: loaded successfully - version: 4.0.5 - missing functions: none
symbol engine: initialized successfully - sym options: 0x614 - pdb path: .;C:\Program Files\Android\Android Studio\jbr\bin;C:\Windows\SYSTEM32;C:\Windows\WinSxS\amd64_microsoft.windows.common-controls_6595b64144ccf1df_6.0.26100.7309_none_3e05feeae336a044;C:\Program Files\Android\Android Studio\jbr\bin\server

VM Arguments:
java_command: git4idea.http.GitAskPassApp Username for 'https://github.com': 
java_class_path (initial): C:/Program Files/Android/Android Studio/plugins/vcs-git/lib/git4idea-rt.jar;C:/Program Files/Android/Android Studio/lib/externalProcess-rt.jar
Launcher Type: SUN_STANDARD

[Global flags]
     intx CICompilerCount                          = 12                                        {product} {ergonomic}
     uint ConcGCThreads                            = 3                                         {product} {ergonomic}
     uint G1ConcRefinementThreads                  = 13                                        {product} {ergonomic}
   size_t G1HeapRegionSize                         = 8388608                                   {product} {ergonomic}
    uintx GCDrainStackTargetSize                   = 64                                        {product} {ergonomic}
   size_t InitialHeapSize                          = 1040187392                                {product} {ergonomic}
   size_t MarkStackSize                            = 4194304                                   {product} {ergonomic}
   size_t MaxHeapSize                              = 16592666624                               {product} {ergonomic}
   size_t MinHeapDeltaBytes                        = 8388608                                   {product} {ergonomic}
   size_t MinHeapSize                              = 8388608                                   {product} {ergonomic}
    uintx NonNMethodCodeHeapSize                   = 7602480                                {pd product} {ergonomic}
    uintx NonProfiledCodeHeapSize                  = 122027880                              {pd product} {ergonomic}
    uintx ProfiledCodeHeapSize                     = 122027880                              {pd product} {ergonomic}
    uintx ReservedCodeCacheSize                    = 251658240                              {pd product} {ergonomic}
     bool SegmentedCodeCache                       = true                                      {product} {ergonomic}
   size_t SoftMaxHeapSize                          = 16592666624                            {manageable} {ergonomic}
     bool UseCompressedOops                        = true                           {product lp64_product} {ergonomic}
     bool UseG1GC                                  = true                                      {product} {ergonomic}
     bool UseLargePagesIndividualAllocation        = false                                  {pd product} {ergonomic}

Logging:
Log output configuration:
 #0: stdout all=warning uptime,level,tags foldmultilines=false
 #1: stderr all=off uptime,level,tags foldmultilines=false

Environment Variables:
JAVA_HOME=C:\Program Files\Android\Android Studio\jbr\
PATH=C:/Program Files/Git/mingw64/libexec/git-core;C:/Program Files/Git/mingw64/libexec/git-core;C:\Program Files\Git\mingw64\bin;C:\Program Files\Git\usr\bin;C:\Users\jjrza\bin;C:\Windows\system32;C:\Windows;C:\Windows\System32\Wbem;C:\Windows\System32\WindowsPowerShell\v1.0\;C:\Windows\System32\OpenSSH\;C:\Program Files\dotnet\;C:\Program Files\sK1-2.0rc5\;C:\Program Files\Git\cmd;C:\Program Files\PowerShell\7\;C:\Users\jjrza\AppData\Local\Microsoft\WindowsApps;C:\Users\jjrza\AppData\Local\GitHubDesktop\bin;C:\Program Files\Android\Android Studio\jbr\\bin;C:\Users\jjrza\AppData\Local\PowerToys\
USERNAME=jjrza
DISPLAY=:0.0
LC_ALL=en_US.UTF-8
TERM=xterm-256color
TMPDIR=C:\Users\jjrza\AppData\Local\Temp
OS=Windows_NT
PROCESSOR_IDENTIFIER=AMD64 Family 25 Model 117 Stepping 2, AuthenticAMD
TMP=C:\Users\jjrza\AppData\Local\Temp
TEMP=C:\Users\jjrza\AppData\Local\Temp




Periodic native trim disabled

JNI global refs:
JNI global refs: 0, weak refs: 0

JNI global refs memory usage: 0, weak refs: 0

Process memory usage:
Resident Set Size: 13524K (0% of 64787480K total physical memory with 31781476K free physical memory)

OOME stack traces (most recent first):
Classloader memory used:

---------------  S Y S T E M  ---------------

OS:
 Windows 11 , 64 bit Build 26100 (10.0.26100.7309)
OS uptime: 4 days 12:55 hours
Hyper-V role detected

CPU: total 16 (initial active 16) (16 cores per cpu, 2 threads per core) family 25 model 117 stepping 2 microcode 0xa70520a, cx8, cmov, fxsr, ht, mmx, 3dnowpref, sse, sse2, sse3, ssse3, sse4a, sse4.1, sse4.2, popcnt, lzcnt, tsc, tscinvbit, avx, avx2, aes, erms, clmul, bmi1, bmi2, adx, avx512f, avx512dq, avx512cd, avx512bw, avx512vl, sha, fma, vzeroupper, avx512_vpopcntdq, avx512_vpclmulqdq, avx512_vaes, avx512_vnni, clflush, clflushopt, avx512_vbmi2, avx512_vbmi, hv, rdtscp, rdpid, fsrm, gfni, avx512_bitalg, f16c, cet_ss, avx512_ifma
Processor Information for processor 0
  Max Mhz: 3801, Current Mhz: 3040, Mhz Limit: 3801
Processor Information for processor 1
  Max Mhz: 3801, Current Mhz: 3040, Mhz Limit: 3801
Processor Information for processor 2
  Max Mhz: 3801, Current Mhz: 3040, Mhz Limit: 3801
Processor Information for processor 3
  Max Mhz: 3801, Current Mhz: 3040, Mhz Limit: 3801
Processor Information for processor 4
  Max Mhz: 3801, Current Mhz: 3040, Mhz Limit: 3801
Processor Information for processor 5
  Max Mhz: 3801, Current Mhz: 3040, Mhz Limit: 3801
Processor Information for processor 6
  Max Mhz: 3801, Current Mhz: 3040, Mhz Limit: 3801
Processor Information for processor 7
  Max Mhz: 3801, Current Mhz: 3040, Mhz Limit: 3801
Processor Information for processor 8
  Max Mhz: 3801, Current Mhz: 3801, Mhz Limit: 3801
Processor Information for processor 9
  Max Mhz: 3801, Current Mhz: 3040, Mhz Limit: 3801
Processor Information for processor 10
  Max Mhz: 3801, Current Mhz: 3040, Mhz Limit: 3801
Processor Information for processor 11
  Max Mhz: 3801, Current Mhz: 3040, Mhz Limit: 3801
Processor Information for processor 12
  Max Mhz: 3801, Current Mhz: 3040, Mhz Limit: 3801
Processor Information for processor 13
  Max Mhz: 3801, Current Mhz: 3801, Mhz Limit: 3801
Processor Information for processor 14
  Max Mhz: 3801, Current Mhz: 3040, Mhz Limit: 3801
Processor Information for processor 15
  Max Mhz: 3801, Current Mhz: 3801, Mhz Limit: 3801

Memory: 4k page, system-wide physical 63269M (31036M free)
TotalPageFile size 184845M (AvailPageFile size 568M)
current process WorkingSet (physical memory assigned to process): 13M, peak: 13M
current process commit charge ("private bytes"): 71M, peak: 1063M

vm_info: OpenJDK 64-Bit Server VM (21.0.7+-13880790-b1038.58) for windows-amd64 JRE (21.0.7+-13880790-b1038.58), built on 2025-08-04T20:56:21Z by "builder" with MS VC++ 16.10 / 16.11 (VS2019)

END.
